{"numFailedTestSuites":0,"numFailedTests":0,"numPassedTestSuites":1,"numPassedTests":5,"numPendingTestSuites":0,"numPendingTests":0,"numRuntimeErrorTestSuites":0,"numTodoTests":0,"numTotalTestSuites":1,"numTotalTests":5,"openHandles":[],"snapshot":{"added":0,"didUpdate":false,"failure":false,"filesAdded":0,"filesRemoved":0,"filesRemovedList":[],"filesUnmatched":0,"filesUpdated":0,"matched":0,"total":0,"unchecked":0,"uncheckedKeysByFile":[],"unmatched":0,"updated":0},"startTime":1740651317791,"success":true,"testResults":[{"assertionResults":[{"ancestorTitles":[],"duration":39,"failureDetails":[],"failureMessages":[],"fullName":"renders input and button","invocations":1,"location":null,"numPassingAsserts":2,"retryReasons":[],"status":"passed","title":"renders input and button"},{"ancestorTitles":[],"duration":6,"failureDetails":[],"failureMessages":[],"fullName":"updates input value on change","invocations":1,"location":null,"numPassingAsserts":1,"retryReasons":[],"status":"passed","title":"updates input value on change"},{"ancestorTitles":[],"duration":9,"failureDetails":[],"failureMessages":[],"fullName":"calls handleAddTask and clears input on button click","invocations":1,"location":null,"numPassingAsserts":2,"retryReasons":[],"status":"passed","title":"calls handleAddTask and clears input on button click"},{"ancestorTitles":[],"duration":4,"failureDetails":[],"failureMessages":[],"fullName":"does not call handleAddTask when input is empty","invocations":1,"location":null,"numPassingAsserts":1,"retryReasons":[],"status":"passed","title":"does not call handleAddTask when input is empty"},{"ancestorTitles":[],"duration":3,"failureDetails":[],"failureMessages":[],"fullName":"input is focused on render","invocations":1,"location":null,"numPassingAsserts":1,"retryReasons":[],"status":"passed","title":"input is focused on render"}],"endTime":1740651318471,"message":"","name":"/home/athaman/code/project_manager/src/components/NewTask.test.jsx","startTime":1740651318112,"status":"passed","summary":""}],"wasInterrupted":false}
